Build started 5/9/2016 10:16:42 AM.
     1>Project "E:\TankBattle-dev (2)\TankBattle-dev\TankClientLib\TankBattle-client-dyad-sfw\TankBattle-client-dyad-sfw.vcxproj" on node 2 (Build target(s)).
     1>ClCompile:
         C:\Program Files (x86)\Microsoft Visual Studio 14.0\VC\bin\CL.exe /c /I"E:\TankBattle-dev (2)\TankBattle-dev\TankClientLib\TankBattle-net\\" /I"E:\TankBattle-dev (2)\TankBattle-dev\TankClientLib\libs\sfw\\" /I"E:\TankBattle-dev (2)\TankBattle-dev\TankClientLib\libs\dyad\\" /ZI /nologo /W3 /WX- /sdl /Od /Oy- /D _WINSOCK_DEPRECATED_NO_WARNINGS /D _MBCS /Gm /EHsc /RTC1 /MDd /GS /fp:precise /Zc:wchar_t /Zc:forScope /Zc:inline /Fo"Debug\\" /Fd"Debug\vc140.pdb" /Gd /TP /analyze- /errorReport:prompt main.cpp
         main.cpp
     1>e:\tankbattle-dev (2)\tankbattle-dev\tankclientlib\tankbattle-client-dyad-sfw\autoagent.h(178): warning C4244: '=': conversion from 'int' to 'float', possible loss of data
     1>e:\tankbattle-dev (2)\tankbattle-dev\tankclientlib\tankbattle-client-dyad-sfw\main.cpp(130): warning C4244: 'argument': conversion from 'const int' to 'float', possible loss of data
       Link:
         C:\Program Files (x86)\Microsoft Visual Studio 14.0\VC\bin\link.exe /ERRORREPORT:PROMPT /OUT:"E:\TankBattle-dev (2)\TankBattle-dev\TankClientLib\Debug\TankBattle-client-dyad-sfw.exe" /INCREMENTAL /NOLOGO /LIBPATH:"E:\TankBattle-dev (2)\TankBattle-dev\TankClientLib\libs\sfw\Debug" /LIBPATH:"E:\TankBattle-dev (2)\TankBattle-dev\TankClientLib\Debug" sfw.lib ws2_32.lib "TankBattle-net.lib" kernel32.lib user32.lib gdi32.lib winspool.lib comdlg32.lib advapi32.lib shell32.lib ole32.lib oleaut32.lib uuid.lib odbc32.lib odbccp32.lib /MANIFEST /MANIFESTUAC:"level='asInvoker' uiAccess='false'" /manifest:embed /DEBUG:FASTLINK /PDB:"E:\TankBattle-dev (2)\TankBattle-dev\TankClientLib\Debug\TankBattle-client-dyad-sfw.pdb" /TLBID:1 /DYNAMICBASE /NXCOMPAT /IMPLIB:"E:\TankBattle-dev (2)\TankBattle-dev\TankClientLib\Debug\TankBattle-client-dyad-sfw.lib" /MACHINE:X86 Debug\dyad.obj
         Debug\main.obj
     1>sfw.lib(gl_core_4_4.obj) : warning LNK4099: PDB 'nsfw2draw.pdb' was not found with 'sfw.lib(gl_core_4_4.obj)' or at 'E:\TankBattle-dev (2)\TankBattle-dev\TankClientLib\Debug\nsfw2draw.pdb'; linking object as if no debug info
     1>sfw.lib(crenderutils.obj) : warning LNK4099: PDB 'nsfw2draw.pdb' was not found with 'sfw.lib(crenderutils.obj)' or at 'E:\TankBattle-dev (2)\TankBattle-dev\TankClientLib\Debug\nsfw2draw.pdb'; linking object as if no debug info
     1>sfw.lib(sfwdraw.obj) : warning LNK4099: PDB 'nsfw2draw.pdb' was not found with 'sfw.lib(sfwdraw.obj)' or at 'E:\TankBattle-dev (2)\TankBattle-dev\TankClientLib\Debug\nsfw2draw.pdb'; linking object as if no debug info
     1>sfw.lib(wgl_context.obj) : warning LNK4099: PDB 'glfw.pdb' was not found with 'sfw.lib(wgl_context.obj)' or at 'E:\TankBattle-dev (2)\TankBattle-dev\TankClientLib\Debug\glfw.pdb'; linking object as if no debug info
     1>sfw.lib(winmm_joystick.obj) : warning LNK4099: PDB 'glfw.pdb' was not found with 'sfw.lib(winmm_joystick.obj)' or at 'E:\TankBattle-dev (2)\TankBattle-dev\TankClientLib\Debug\glfw.pdb'; linking object as if no debug info
     1>sfw.lib(win32_window.obj) : warning LNK4099: PDB 'glfw.pdb' was not found with 'sfw.lib(win32_window.obj)' or at 'E:\TankBattle-dev (2)\TankBattle-dev\TankClientLib\Debug\glfw.pdb'; linking object as if no debug info
     1>sfw.lib(win32_tls.obj) : warning LNK4099: PDB 'glfw.pdb' was not found with 'sfw.lib(win32_tls.obj)' or at 'E:\TankBattle-dev (2)\TankBattle-dev\TankClientLib\Debug\glfw.pdb'; linking object as if no debug info
     1>sfw.lib(win32_time.obj) : warning LNK4099: PDB 'glfw.pdb' was not found with 'sfw.lib(win32_time.obj)' or at 'E:\TankBattle-dev (2)\TankBattle-dev\TankClientLib\Debug\glfw.pdb'; linking object as if no debug info
     1>sfw.lib(win32_monitor.obj) : warning LNK4099: PDB 'glfw.pdb' was not found with 'sfw.lib(win32_monitor.obj)' or at 'E:\TankBattle-dev (2)\TankBattle-dev\TankClientLib\Debug\glfw.pdb'; linking object as if no debug info
     1>sfw.lib(win32_init.obj) : warning LNK4099: PDB 'glfw.pdb' was not found with 'sfw.lib(win32_init.obj)' or at 'E:\TankBattle-dev (2)\TankBattle-dev\TankClientLib\Debug\glfw.pdb'; linking object as if no debug info
     1>sfw.lib(window.obj) : warning LNK4099: PDB 'glfw.pdb' was not found with 'sfw.lib(window.obj)' or at 'E:\TankBattle-dev (2)\TankBattle-dev\TankClientLib\Debug\glfw.pdb'; linking object as if no debug info
     1>sfw.lib(monitor.obj) : warning LNK4099: PDB 'glfw.pdb' was not found with 'sfw.lib(monitor.obj)' or at 'E:\TankBattle-dev (2)\TankBattle-dev\TankClientLib\Debug\glfw.pdb'; linking object as if no debug info
     1>sfw.lib(input.obj) : warning LNK4099: PDB 'glfw.pdb' was not found with 'sfw.lib(input.obj)' or at 'E:\TankBattle-dev (2)\TankBattle-dev\TankClientLib\Debug\glfw.pdb'; linking object as if no debug info
     1>sfw.lib(init.obj) : warning LNK4099: PDB 'glfw.pdb' was not found with 'sfw.lib(init.obj)' or at 'E:\TankBattle-dev (2)\TankBattle-dev\TankClientLib\Debug\glfw.pdb'; linking object as if no debug info
     1>sfw.lib(context.obj) : warning LNK4099: PDB 'glfw.pdb' was not found with 'sfw.lib(context.obj)' or at 'E:\TankBattle-dev (2)\TankBattle-dev\TankClientLib\Debug\glfw.pdb'; linking object as if no debug info
         TankBattle-client-dyad-sfw.vcxproj -> E:\TankBattle-dev (2)\TankBattle-dev\TankClientLib\Debug\TankBattle-client-dyad-sfw.exe
     1>Done Building Project "E:\TankBattle-dev (2)\TankBattle-dev\TankClientLib\TankBattle-client-dyad-sfw\TankBattle-client-dyad-sfw.vcxproj" (Build target(s)).

Build succeeded.

Time Elapsed 00:00:08.66
